2021-03-14 21:02:24,438 INFO  main                             - Found 1 HealthChecker implementation:sofaComponentHealthChecker
2021-03-14 21:02:24,440 INFO  main                             - Found 4 HealthIndicator implementation:sofaBootHealthIndicator,sofaComponentHealthIndicator,diskSpaceHealthIndicator,dbHealthIndicator
2021-03-14 21:02:24,440 INFO  main                             - Found 1 ReadinessCheckCallback implementation: rpcAfterHealthCheckCallback
2021-03-14 21:02:24,441 INFO  main                             - Begin SOFABoot HealthChecker readiness check.
2021-03-14 21:02:24,442 INFO  main                             - HealthChecker[sofaComponentHealthChecker] readiness check success with 0 retry.
2021-03-14 21:02:24,443 INFO  main                             - SOFABoot HealthChecker readiness check result: success.
2021-03-14 21:02:24,443 INFO  main                             - Begin SOFABoot HealthIndicator readiness check.
2021-03-14 21:02:24,446 INFO  main                             - HealthIndicator[diskSpaceHealthIndicator] readiness check success.
2021-03-14 21:02:25,689 INFO  main                             - HealthIndicator[dbHealthIndicator] readiness check success.
2021-03-14 21:02:25,689 INFO  main                             - SOFABoot HealthIndicator readiness check result: success.
2021-03-14 21:02:25,689 INFO  main                             - Begin ReadinessCheckCallback readiness check
2021-03-14 21:02:26,574 INFO  main                             - SOFABoot ReadinessCheckCallback[rpcAfterHealthCheckCallback] check success.
2021-03-14 21:02:26,574 INFO  main                             - ReadinessCheckCallback readiness check result: success.
2021-03-14 21:02:26,574 INFO  main                             - Readiness check result: success
2021-03-14 21:02:26,787 INFO  RMI TCP Connection(28)-127.0.0.1 - Begin SOFABoot HealthChecker liveness check.
2021-03-14 21:02:26,788 INFO  RMI TCP Connection(28)-127.0.0.1 - HealthChecker[sofaComponentHealthChecker] liveness check success with 0 retry.
2021-03-14 21:02:26,788 INFO  RMI TCP Connection(28)-127.0.0.1 - SOFABoot HealthChecker liveness check result: success.
2021-03-14 21:03:53,989 INFO  main                             - Found 1 HealthChecker implementation:sofaComponentHealthChecker
2021-03-14 21:03:53,991 INFO  main                             - Found 4 HealthIndicator implementation:sofaBootHealthIndicator,sofaComponentHealthIndicator,diskSpaceHealthIndicator,dbHealthIndicator
2021-03-14 21:03:53,992 INFO  main                             - Found 1 ReadinessCheckCallback implementation: rpcAfterHealthCheckCallback
2021-03-14 21:03:53,993 INFO  main                             - Begin SOFABoot HealthChecker readiness check.
2021-03-14 21:03:53,995 INFO  main                             - HealthChecker[sofaComponentHealthChecker] readiness check success with 0 retry.
2021-03-14 21:03:53,995 INFO  main                             - SOFABoot HealthChecker readiness check result: success.
2021-03-14 21:03:53,995 INFO  main                             - Begin SOFABoot HealthIndicator readiness check.
2021-03-14 21:03:53,999 INFO  main                             - HealthIndicator[diskSpaceHealthIndicator] readiness check success.
2021-03-14 21:03:55,249 INFO  main                             - HealthIndicator[dbHealthIndicator] readiness check success.
2021-03-14 21:03:55,249 INFO  main                             - SOFABoot HealthIndicator readiness check result: success.
2021-03-14 21:03:55,249 INFO  main                             - Begin ReadinessCheckCallback readiness check
2021-03-14 21:03:56,140 INFO  main                             - SOFABoot ReadinessCheckCallback[rpcAfterHealthCheckCallback] check success.
2021-03-14 21:03:56,140 INFO  main                             - ReadinessCheckCallback readiness check result: success.
2021-03-14 21:03:56,141 INFO  main                             - Readiness check result: success
2021-03-14 21:03:56,315 INFO  RMI TCP Connection(8)-127.0.0.1  - Begin SOFABoot HealthChecker liveness check.
2021-03-14 21:03:56,316 INFO  RMI TCP Connection(8)-127.0.0.1  - HealthChecker[sofaComponentHealthChecker] liveness check success with 0 retry.
2021-03-14 21:03:56,316 INFO  RMI TCP Connection(8)-127.0.0.1  - SOFABoot HealthChecker liveness check result: success.
