2021-03-14 21:01:46,440 ERROR main                             - Query confreg http url failed! 
2021-03-14 21:01:46,540 ERROR main                             - Zone name is empty! 
2021-03-14 21:01:46,543 ERROR main                             - Query inital drm value failed! app = sequence, attribute = publishConfig
2021-03-14 21:01:46,695 ERROR main                             - [register] request error, subscriber: DefaultSubscriber{subscriberRegReq=SubscriberRegReq{BaseInfo{zone='', dataId='Alipay.sequence:name=com.alipay.sofa.rpc.ldc.route.drm.config.publishConfig,version=3.0@DRM', uuid='d4c785ba-31a9-4a1c-aed6-f70ac1af390d', instanceId='', attributes={}}}, remoteAddress='null', registed=false, enabled=true}
java.lang.RuntimeException: server is unavailable
	at com.alipay.drm.client.remoting.client.ClientManager.getServerInfo(ClientManager.java:151)
	at com.alipay.drm.client.remoting.client.ClientManager.oneway(ClientManager.java:114)
	at com.alipay.drm.client.assembly.register.RegisterClient.register(RegisterClient.java:150)
	at com.alipay.drm.client.assembly.register.RegisterClient.register(RegisterClient.java:121)
	at com.alipay.drm.client.assembly.register.RegisterAssembly.register(RegisterAssembly.java:124)
	at com.alipay.drm.client.assembly.register.RegisterAssembly.assembly(RegisterAssembly.java:100)
	at com.alipay.drm.client.manager.DistributedResourceManagerImpl.realRegister(DistributedResourceManagerImpl.java:195)
	at com.alipay.drm.client.manager.DistributedResourceManagerImpl.register(DistributedResourceManagerImpl.java:144)
	at com.alipay.drm.client.manager.DistributedResourceManagerImpl.register(DistributedResourceManagerImpl.java:118)
	at com.alipay.sofa.rpc.ldc.LdcProviderDrmHolder.<init>(LdcProviderDrmHolder.java:33)
	at com.alipay.sofa.rpc.ldc.LdcProviderDrmHolder.<init>(LdcProviderDrmHolder.java:27)
	at com.alipay.sofa.rpc.ldc.LdcProviderDrmHolder$SingletonClassInstance.<clinit>(LdcProviderDrmHolder.java:45)
	at com.alipay.sofa.rpc.ldc.LdcProviderDrmHolder.getInstance(LdcProviderDrmHolder.java:41)
	at com.alipay.boot.sofarpc.spring.initializer.SofaBootRpcSpringContextInitializer.initialize(SofaBootRpcSpringContextInitializer.java:65)
	at org.springframework.boot.SpringApplication.applyInitializers(SpringApplication.java:623)
	at org.springframework.boot.SpringApplication.prepareContext(SpringApplication.java:367)
	at org.springframework.boot.SpringApplication.run(SpringApplication.java:311)
	at com.alipay.sofa.sequence.start.SequenceApplication.main(SequenceApplication.java:32)
2021-03-14 21:01:46,696 ERROR main                             - Zone name is empty! 
2021-03-14 21:01:46,696 ERROR main                             - Query inital drm value failed! app = sequence, attribute = routeConfig
2021-03-14 21:01:46,696 ERROR main                             - [register] request error, subscriber: DefaultSubscriber{subscriberRegReq=SubscriberRegReq{BaseInfo{zone='', dataId='Alipay.sequence:name=com.alipay.sofa.rpc.ldc.route.drm.config.routeConfig,version=3.0@DRM', uuid='d4c785ba-31a9-4a1c-aed6-f70ac1af390d', instanceId='', attributes={}}}, remoteAddress='null', registed=false, enabled=true}
java.lang.RuntimeException: server is unavailable
	at com.alipay.drm.client.remoting.client.ClientManager.getServerInfo(ClientManager.java:151)
	at com.alipay.drm.client.remoting.client.ClientManager.oneway(ClientManager.java:114)
	at com.alipay.drm.client.assembly.register.RegisterClient.register(RegisterClient.java:150)
	at com.alipay.drm.client.assembly.register.RegisterClient.register(RegisterClient.java:121)
	at com.alipay.drm.client.assembly.register.RegisterAssembly.register(RegisterAssembly.java:124)
	at com.alipay.drm.client.assembly.register.RegisterAssembly.assembly(RegisterAssembly.java:100)
	at com.alipay.drm.client.manager.DistributedResourceManagerImpl.realRegister(DistributedResourceManagerImpl.java:195)
	at com.alipay.drm.client.manager.DistributedResourceManagerImpl.register(DistributedResourceManagerImpl.java:144)
	at com.alipay.drm.client.manager.DistributedResourceManagerImpl.register(DistributedResourceManagerImpl.java:118)
	at com.alipay.sofa.rpc.ldc.LdcProviderDrmHolder.<init>(LdcProviderDrmHolder.java:33)
	at com.alipay.sofa.rpc.ldc.LdcProviderDrmHolder.<init>(LdcProviderDrmHolder.java:27)
	at com.alipay.sofa.rpc.ldc.LdcProviderDrmHolder$SingletonClassInstance.<clinit>(LdcProviderDrmHolder.java:45)
	at com.alipay.sofa.rpc.ldc.LdcProviderDrmHolder.getInstance(LdcProviderDrmHolder.java:41)
	at com.alipay.boot.sofarpc.spring.initializer.SofaBootRpcSpringContextInitializer.initialize(SofaBootRpcSpringContextInitializer.java:65)
	at org.springframework.boot.SpringApplication.applyInitializers(SpringApplication.java:623)
	at org.springframework.boot.SpringApplication.prepareContext(SpringApplication.java:367)
	at org.springframework.boot.SpringApplication.run(SpringApplication.java:311)
	at com.alipay.sofa.sequence.start.SequenceApplication.main(SequenceApplication.java:32)
2021-03-14 21:01:51,177 ERROR main                             - Zone name is empty! 
2021-03-14 21:01:51,177 ERROR main                             - Query inital drm value failed! app = config, attribute = circuitBreakerRules
2021-03-14 21:01:51,178 ERROR main                             - [register] request error, subscriber: DefaultSubscriber{subscriberRegReq=SubscriberRegReq{BaseInfo{zone='', dataId='sofa.config:name=com.alipay.sofa.middleware.servicegov.apps.sequence.circuitBreakerRules,version=3.0@DRM', uuid='d4c785ba-31a9-4a1c-aed6-f70ac1af390d', instanceId='', attributes={}}}, remoteAddress='null', registed=false, enabled=true}
java.lang.RuntimeException: server is unavailable
	at com.alipay.drm.client.remoting.client.ClientManager.getServerInfo(ClientManager.java:151)
	at com.alipay.drm.client.remoting.client.ClientManager.oneway(ClientManager.java:114)
	at com.alipay.drm.client.assembly.register.RegisterClient.register(RegisterClient.java:150)
	at com.alipay.drm.client.assembly.register.RegisterClient.register(RegisterClient.java:121)
	at com.alipay.drm.client.assembly.register.RegisterAssembly.register(RegisterAssembly.java:124)
	at com.alipay.drm.client.assembly.register.RegisterAssembly.assembly(RegisterAssembly.java:100)
	at com.alipay.drm.client.manager.DistributedResourceManagerImpl.realRegister(DistributedResourceManagerImpl.java:195)
	at com.alipay.drm.client.manager.DistributedResourceManagerImpl.register(DistributedResourceManagerImpl.java:144)
	at com.alipay.sofa.rpc.servcegovern.drm.AppGovernanceDrmResource.<init>(AppGovernanceDrmResource.java:75)
	at com.alipay.sofa.rpc.servcegovern.drm.AppGovernanceDrmResource.getInstance(AppGovernanceDrmResource.java:82)
	at com.alipay.sofa.rpc.servcegovern.downgrade.DowngradeFilter.needToLoad(DowngradeFilter.java:68)
	at com.alipay.sofa.rpc.filter.FilterChain.<init>(FilterChain.java:128)
	at com.alipay.sofa.rpc.filter.FilterChain.buildConsumerChain(FilterChain.java:163)
	at com.alipay.sofa.rpc.client.AbstractCluster.init(AbstractCluster.java:140)
	at com.alipay.sofa.rpc.bootstrap.DefaultConsumerBootstrap.refer(DefaultConsumerBootstrap.java:154)
	at com.alipay.sofa.rpc.config.ConsumerConfig.refer(ConsumerConfig.java:926)
	at com.alipay.sofa.rpc.boot.runtime.adapter.RpcBindingAdapter.inBinding(RpcBindingAdapter.java:218)
	at com.alipay.boot.sofarpc.adapter.EnterpriseBoltBindingAdapter.inBinding(EnterpriseBoltBindingAdapter.java:68)
	at com.alipay.boot.sofarpc.adapter.EnterpriseBoltBindingAdapter.inBinding(EnterpriseBoltBindingAdapter.java:40)
	at com.alipay.sofa.runtime.service.component.ReferenceComponent.createProxy(ReferenceComponent.java:225)
	at com.alipay.sofa.runtime.service.component.ReferenceComponent.activate(ReferenceComponent.java:141)
	at com.alipay.sofa.runtime.component.impl.ComponentManagerImpl.doRegister(ComponentManagerImpl.java:160)
	at com.alipay.sofa.runtime.component.impl.ComponentManagerImpl.registerAndGet(ComponentManagerImpl.java:120)
	at com.alipay.sofa.runtime.service.helper.ReferenceRegisterHelper.registerReference(ReferenceRegisterHelper.java:59)
	at com.alipay.sofa.runtime.spring.factory.ReferenceFactoryBean.doAfterPropertiesSet(ReferenceFactoryBean.java:62)
	at com.alipay.sofa.runtime.spring.factory.AbstractContractFactoryBean.afterPropertiesSet(AbstractContractFactoryBean.java:99)
	at org.springframework.beans.factory.support.AbstractAutowireCapableBeanFactory.invokeInitMethods(AbstractAutowireCapableBeanFactory.java:1830)
	at org.springframework.beans.factory.support.AbstractAutowireCapableBeanFactory.initializeBean(AbstractAutowireCapableBeanFactory.java:1767)
	at org.springframework.beans.factory.support.AbstractAutowireCapableBeanFactory.doCreateBean(AbstractAutowireCapableBeanFactory.java:593)
	at org.springframework.beans.factory.support.AbstractAutowireCapableBeanFactory.createBean(AbstractAutowireCapableBeanFactory.java:515)
	at org.springframework.beans.factory.support.AbstractBeanFactory.lambda$doGetBean$0(AbstractBeanFactory.java:320)
	at org.springframework.beans.factory.support.DefaultSingletonBeanRegistry.getSingleton(DefaultSingletonBeanRegistry.java:222)
	at org.springframework.beans.factory.support.AbstractBeanFactory.doGetBean(AbstractBeanFactory.java:318)
	at org.springframework.beans.factory.support.AbstractBeanFactory.getBean(AbstractBeanFactory.java:199)
	at org.springframework.beans.factory.support.DefaultListableBeanFactory.preInstantiateSingletons(DefaultListableBeanFactory.java:828)
	at org.springframework.context.support.AbstractApplicationContext.finishBeanFactoryInitialization(AbstractApplicationContext.java:877)
	at org.springframework.context.support.AbstractApplicationContext.refresh(AbstractApplicationContext.java:549)
	at org.springframework.boot.web.servlet.context.ServletWebServerApplicationContext.refresh(ServletWebServerApplicationContext.java:141)
	at org.springframework.boot.SpringApplication.refresh(SpringApplication.java:744)
	at org.springframework.boot.SpringApplication.refreshContext(SpringApplication.java:391)
	at org.springframework.boot.SpringApplication.run(SpringApplication.java:312)
	at com.alipay.sofa.sequence.start.SequenceApplication.main(SequenceApplication.java:32)
2021-03-14 21:01:51,178 ERROR main                             - Zone name is empty! 
2021-03-14 21:01:51,178 ERROR main                             - Query inital drm value failed! app = config, attribute = downgradeRule
2021-03-14 21:01:51,178 ERROR main                             - [register] request error, subscriber: DefaultSubscriber{subscriberRegReq=SubscriberRegReq{BaseInfo{zone='', dataId='sofa.config:name=com.alipay.sofa.middleware.servicegov.apps.sequence.downgradeRule,version=3.0@DRM', uuid='d4c785ba-31a9-4a1c-aed6-f70ac1af390d', instanceId='', attributes={}}}, remoteAddress='null', registed=false, enabled=true}
java.lang.RuntimeException: server is unavailable
	at com.alipay.drm.client.remoting.client.ClientManager.getServerInfo(ClientManager.java:151)
	at com.alipay.drm.client.remoting.client.ClientManager.oneway(ClientManager.java:114)
	at com.alipay.drm.client.assembly.register.RegisterClient.register(RegisterClient.java:150)
	at com.alipay.drm.client.assembly.register.RegisterClient.register(RegisterClient.java:121)
	at com.alipay.drm.client.assembly.register.RegisterAssembly.register(RegisterAssembly.java:124)
	at com.alipay.drm.client.assembly.register.RegisterAssembly.assembly(RegisterAssembly.java:100)
	at com.alipay.drm.client.manager.DistributedResourceManagerImpl.realRegister(DistributedResourceManagerImpl.java:195)
	at com.alipay.drm.client.manager.DistributedResourceManagerImpl.register(DistributedResourceManagerImpl.java:144)
	at com.alipay.sofa.rpc.servcegovern.drm.AppGovernanceDrmResource.<init>(AppGovernanceDrmResource.java:75)
	at com.alipay.sofa.rpc.servcegovern.drm.AppGovernanceDrmResource.getInstance(AppGovernanceDrmResource.java:82)
	at com.alipay.sofa.rpc.servcegovern.downgrade.DowngradeFilter.needToLoad(DowngradeFilter.java:68)
	at com.alipay.sofa.rpc.filter.FilterChain.<init>(FilterChain.java:128)
	at com.alipay.sofa.rpc.filter.FilterChain.buildConsumerChain(FilterChain.java:163)
	at com.alipay.sofa.rpc.client.AbstractCluster.init(AbstractCluster.java:140)
	at com.alipay.sofa.rpc.bootstrap.DefaultConsumerBootstrap.refer(DefaultConsumerBootstrap.java:154)
	at com.alipay.sofa.rpc.config.ConsumerConfig.refer(ConsumerConfig.java:926)
	at com.alipay.sofa.rpc.boot.runtime.adapter.RpcBindingAdapter.inBinding(RpcBindingAdapter.java:218)
	at com.alipay.boot.sofarpc.adapter.EnterpriseBoltBindingAdapter.inBinding(EnterpriseBoltBindingAdapter.java:68)
	at com.alipay.boot.sofarpc.adapter.EnterpriseBoltBindingAdapter.inBinding(EnterpriseBoltBindingAdapter.java:40)
	at com.alipay.sofa.runtime.service.component.ReferenceComponent.createProxy(ReferenceComponent.java:225)
	at com.alipay.sofa.runtime.service.component.ReferenceComponent.activate(ReferenceComponent.java:141)
	at com.alipay.sofa.runtime.component.impl.ComponentManagerImpl.doRegister(ComponentManagerImpl.java:160)
	at com.alipay.sofa.runtime.component.impl.ComponentManagerImpl.registerAndGet(ComponentManagerImpl.java:120)
	at com.alipay.sofa.runtime.service.helper.ReferenceRegisterHelper.registerReference(ReferenceRegisterHelper.java:59)
	at com.alipay.sofa.runtime.spring.factory.ReferenceFactoryBean.doAfterPropertiesSet(ReferenceFactoryBean.java:62)
	at com.alipay.sofa.runtime.spring.factory.AbstractContractFactoryBean.afterPropertiesSet(AbstractContractFactoryBean.java:99)
	at org.springframework.beans.factory.support.AbstractAutowireCapableBeanFactory.invokeInitMethods(AbstractAutowireCapableBeanFactory.java:1830)
	at org.springframework.beans.factory.support.AbstractAutowireCapableBeanFactory.initializeBean(AbstractAutowireCapableBeanFactory.java:1767)
	at org.springframework.beans.factory.support.AbstractAutowireCapableBeanFactory.doCreateBean(AbstractAutowireCapableBeanFactory.java:593)
	at org.springframework.beans.factory.support.AbstractAutowireCapableBeanFactory.createBean(AbstractAutowireCapableBeanFactory.java:515)
	at org.springframework.beans.factory.support.AbstractBeanFactory.lambda$doGetBean$0(AbstractBeanFactory.java:320)
	at org.springframework.beans.factory.support.DefaultSingletonBeanRegistry.getSingleton(DefaultSingletonBeanRegistry.java:222)
	at org.springframework.beans.factory.support.AbstractBeanFactory.doGetBean(AbstractBeanFactory.java:318)
	at org.springframework.beans.factory.support.AbstractBeanFactory.getBean(AbstractBeanFactory.java:199)
	at org.springframework.beans.factory.support.DefaultListableBeanFactory.preInstantiateSingletons(DefaultListableBeanFactory.java:828)
	at org.springframework.context.support.AbstractApplicationContext.finishBeanFactoryInitialization(AbstractApplicationContext.java:877)
	at org.springframework.context.support.AbstractApplicationContext.refresh(AbstractApplicationContext.java:549)
	at org.springframework.boot.web.servlet.context.ServletWebServerApplicationContext.refresh(ServletWebServerApplicationContext.java:141)
	at org.springframework.boot.SpringApplication.refresh(SpringApplication.java:744)
	at org.springframework.boot.SpringApplication.refreshContext(SpringApplication.java:391)
	at org.springframework.boot.SpringApplication.run(SpringApplication.java:312)
	at com.alipay.sofa.sequence.start.SequenceApplication.main(SequenceApplication.java:32)
2021-03-14 21:02:50,629 ERROR main                             - Query confreg http url failed! 
2021-03-14 21:02:50,750 ERROR main                             - Zone name is empty! 
2021-03-14 21:02:50,752 ERROR main                             - Query inital drm value failed! app = sequence, attribute = publishConfig
2021-03-14 21:02:50,940 ERROR main                             - [register] request error, subscriber: DefaultSubscriber{subscriberRegReq=SubscriberRegReq{BaseInfo{zone='', dataId='Alipay.sequence:name=com.alipay.sofa.rpc.ldc.route.drm.config.publishConfig,version=3.0@DRM', uuid='cf7234ba-e727-4318-811c-36c3b10a0c79', instanceId='', attributes={}}}, remoteAddress='null', registed=false, enabled=true}
java.lang.RuntimeException: server is unavailable
	at com.alipay.drm.client.remoting.client.ClientManager.getServerInfo(ClientManager.java:151)
	at com.alipay.drm.client.remoting.client.ClientManager.oneway(ClientManager.java:114)
	at com.alipay.drm.client.assembly.register.RegisterClient.register(RegisterClient.java:150)
	at com.alipay.drm.client.assembly.register.RegisterClient.register(RegisterClient.java:121)
	at com.alipay.drm.client.assembly.register.RegisterAssembly.register(RegisterAssembly.java:124)
	at com.alipay.drm.client.assembly.register.RegisterAssembly.assembly(RegisterAssembly.java:100)
	at com.alipay.drm.client.manager.DistributedResourceManagerImpl.realRegister(DistributedResourceManagerImpl.java:195)
	at com.alipay.drm.client.manager.DistributedResourceManagerImpl.register(DistributedResourceManagerImpl.java:144)
	at com.alipay.drm.client.manager.DistributedResourceManagerImpl.register(DistributedResourceManagerImpl.java:118)
	at com.alipay.sofa.rpc.ldc.LdcProviderDrmHolder.<init>(LdcProviderDrmHolder.java:33)
	at com.alipay.sofa.rpc.ldc.LdcProviderDrmHolder.<init>(LdcProviderDrmHolder.java:27)
	at com.alipay.sofa.rpc.ldc.LdcProviderDrmHolder$SingletonClassInstance.<clinit>(LdcProviderDrmHolder.java:45)
	at com.alipay.sofa.rpc.ldc.LdcProviderDrmHolder.getInstance(LdcProviderDrmHolder.java:41)
	at com.alipay.boot.sofarpc.spring.initializer.SofaBootRpcSpringContextInitializer.initialize(SofaBootRpcSpringContextInitializer.java:65)
	at org.springframework.boot.SpringApplication.applyInitializers(SpringApplication.java:623)
	at org.springframework.boot.SpringApplication.prepareContext(SpringApplication.java:367)
	at org.springframework.boot.SpringApplication.run(SpringApplication.java:311)
	at com.alipay.sofa.sequence.start.SequenceApplication.main(SequenceApplication.java:32)
2021-03-14 21:02:50,940 ERROR main                             - Zone name is empty! 
2021-03-14 21:02:50,940 ERROR main                             - Query inital drm value failed! app = sequence, attribute = routeConfig
2021-03-14 21:02:50,940 ERROR main                             - [register] request error, subscriber: DefaultSubscriber{subscriberRegReq=SubscriberRegReq{BaseInfo{zone='', dataId='Alipay.sequence:name=com.alipay.sofa.rpc.ldc.route.drm.config.routeConfig,version=3.0@DRM', uuid='cf7234ba-e727-4318-811c-36c3b10a0c79', instanceId='', attributes={}}}, remoteAddress='null', registed=false, enabled=true}
java.lang.RuntimeException: server is unavailable
	at com.alipay.drm.client.remoting.client.ClientManager.getServerInfo(ClientManager.java:151)
	at com.alipay.drm.client.remoting.client.ClientManager.oneway(ClientManager.java:114)
	at com.alipay.drm.client.assembly.register.RegisterClient.register(RegisterClient.java:150)
	at com.alipay.drm.client.assembly.register.RegisterClient.register(RegisterClient.java:121)
	at com.alipay.drm.client.assembly.register.RegisterAssembly.register(RegisterAssembly.java:124)
	at com.alipay.drm.client.assembly.register.RegisterAssembly.assembly(RegisterAssembly.java:100)
	at com.alipay.drm.client.manager.DistributedResourceManagerImpl.realRegister(DistributedResourceManagerImpl.java:195)
	at com.alipay.drm.client.manager.DistributedResourceManagerImpl.register(DistributedResourceManagerImpl.java:144)
	at com.alipay.drm.client.manager.DistributedResourceManagerImpl.register(DistributedResourceManagerImpl.java:118)
	at com.alipay.sofa.rpc.ldc.LdcProviderDrmHolder.<init>(LdcProviderDrmHolder.java:33)
	at com.alipay.sofa.rpc.ldc.LdcProviderDrmHolder.<init>(LdcProviderDrmHolder.java:27)
	at com.alipay.sofa.rpc.ldc.LdcProviderDrmHolder$SingletonClassInstance.<clinit>(LdcProviderDrmHolder.java:45)
	at com.alipay.sofa.rpc.ldc.LdcProviderDrmHolder.getInstance(LdcProviderDrmHolder.java:41)
	at com.alipay.boot.sofarpc.spring.initializer.SofaBootRpcSpringContextInitializer.initialize(SofaBootRpcSpringContextInitializer.java:65)
	at org.springframework.boot.SpringApplication.applyInitializers(SpringApplication.java:623)
	at org.springframework.boot.SpringApplication.prepareContext(SpringApplication.java:367)
	at org.springframework.boot.SpringApplication.run(SpringApplication.java:311)
	at com.alipay.sofa.sequence.start.SequenceApplication.main(SequenceApplication.java:32)
2021-03-14 21:03:20,665 ERROR main                             - Zone name is empty! 
2021-03-14 21:03:20,665 ERROR main                             - Query inital drm value failed! app = config, attribute = circuitBreakerRules
2021-03-14 21:03:20,665 ERROR main                             - [register] request error, subscriber: DefaultSubscriber{subscriberRegReq=SubscriberRegReq{BaseInfo{zone='', dataId='sofa.config:name=com.alipay.sofa.middleware.servicegov.apps.sequence.circuitBreakerRules,version=3.0@DRM', uuid='cf7234ba-e727-4318-811c-36c3b10a0c79', instanceId='', attributes={}}}, remoteAddress='null', registed=false, enabled=true}
java.lang.RuntimeException: server is unavailable
	at com.alipay.drm.client.remoting.client.ClientManager.getServerInfo(ClientManager.java:151)
	at com.alipay.drm.client.remoting.client.ClientManager.oneway(ClientManager.java:114)
	at com.alipay.drm.client.assembly.register.RegisterClient.register(RegisterClient.java:150)
	at com.alipay.drm.client.assembly.register.RegisterClient.register(RegisterClient.java:121)
	at com.alipay.drm.client.assembly.register.RegisterAssembly.register(RegisterAssembly.java:124)
	at com.alipay.drm.client.assembly.register.RegisterAssembly.assembly(RegisterAssembly.java:100)
	at com.alipay.drm.client.manager.DistributedResourceManagerImpl.realRegister(DistributedResourceManagerImpl.java:195)
	at com.alipay.drm.client.manager.DistributedResourceManagerImpl.register(DistributedResourceManagerImpl.java:144)
	at com.alipay.sofa.rpc.servcegovern.drm.AppGovernanceDrmResource.<init>(AppGovernanceDrmResource.java:75)
	at com.alipay.sofa.rpc.servcegovern.drm.AppGovernanceDrmResource.getInstance(AppGovernanceDrmResource.java:82)
	at com.alipay.sofa.rpc.servcegovern.downgrade.DowngradeFilter.needToLoad(DowngradeFilter.java:68)
	at com.alipay.sofa.rpc.filter.FilterChain.<init>(FilterChain.java:128)
	at com.alipay.sofa.rpc.filter.FilterChain.buildConsumerChain(FilterChain.java:163)
	at com.alipay.sofa.rpc.client.AbstractCluster.init(AbstractCluster.java:140)
	at com.alipay.sofa.rpc.bootstrap.DefaultConsumerBootstrap.refer(DefaultConsumerBootstrap.java:154)
	at com.alipay.sofa.rpc.config.ConsumerConfig.refer(ConsumerConfig.java:926)
	at com.alipay.sofa.rpc.boot.runtime.adapter.RpcBindingAdapter.inBinding(RpcBindingAdapter.java:218)
	at com.alipay.boot.sofarpc.adapter.EnterpriseBoltBindingAdapter.inBinding(EnterpriseBoltBindingAdapter.java:68)
	at com.alipay.boot.sofarpc.adapter.EnterpriseBoltBindingAdapter.inBinding(EnterpriseBoltBindingAdapter.java:40)
	at com.alipay.sofa.runtime.service.component.ReferenceComponent.createProxy(ReferenceComponent.java:225)
	at com.alipay.sofa.runtime.service.component.ReferenceComponent.activate(ReferenceComponent.java:141)
	at com.alipay.sofa.runtime.component.impl.ComponentManagerImpl.doRegister(ComponentManagerImpl.java:160)
	at com.alipay.sofa.runtime.component.impl.ComponentManagerImpl.registerAndGet(ComponentManagerImpl.java:120)
	at com.alipay.sofa.runtime.service.helper.ReferenceRegisterHelper.registerReference(ReferenceRegisterHelper.java:59)
	at com.alipay.sofa.runtime.spring.factory.ReferenceFactoryBean.doAfterPropertiesSet(ReferenceFactoryBean.java:62)
	at com.alipay.sofa.runtime.spring.factory.AbstractContractFactoryBean.afterPropertiesSet(AbstractContractFactoryBean.java:99)
	at org.springframework.beans.factory.support.AbstractAutowireCapableBeanFactory.invokeInitMethods(AbstractAutowireCapableBeanFactory.java:1830)
	at org.springframework.beans.factory.support.AbstractAutowireCapableBeanFactory.initializeBean(AbstractAutowireCapableBeanFactory.java:1767)
	at org.springframework.beans.factory.support.AbstractAutowireCapableBeanFactory.doCreateBean(AbstractAutowireCapableBeanFactory.java:593)
	at org.springframework.beans.factory.support.AbstractAutowireCapableBeanFactory.createBean(AbstractAutowireCapableBeanFactory.java:515)
	at org.springframework.beans.factory.support.AbstractBeanFactory.lambda$doGetBean$0(AbstractBeanFactory.java:320)
	at org.springframework.beans.factory.support.DefaultSingletonBeanRegistry.getSingleton(DefaultSingletonBeanRegistry.java:222)
	at org.springframework.beans.factory.support.AbstractBeanFactory.doGetBean(AbstractBeanFactory.java:318)
	at org.springframework.beans.factory.support.AbstractBeanFactory.getBean(AbstractBeanFactory.java:199)
	at org.springframework.beans.factory.support.DefaultListableBeanFactory.preInstantiateSingletons(DefaultListableBeanFactory.java:828)
	at org.springframework.context.support.AbstractApplicationContext.finishBeanFactoryInitialization(AbstractApplicationContext.java:877)
	at org.springframework.context.support.AbstractApplicationContext.refresh(AbstractApplicationContext.java:549)
	at org.springframework.boot.web.servlet.context.ServletWebServerApplicationContext.refresh(ServletWebServerApplicationContext.java:141)
	at org.springframework.boot.SpringApplication.refresh(SpringApplication.java:744)
	at org.springframework.boot.SpringApplication.refreshContext(SpringApplication.java:391)
	at org.springframework.boot.SpringApplication.run(SpringApplication.java:312)
	at com.alipay.sofa.sequence.start.SequenceApplication.main(SequenceApplication.java:32)
2021-03-14 21:03:20,665 ERROR main                             - Zone name is empty! 
2021-03-14 21:03:20,665 ERROR main                             - Query inital drm value failed! app = config, attribute = downgradeRule
2021-03-14 21:03:20,665 ERROR main                             - [register] request error, subscriber: DefaultSubscriber{subscriberRegReq=SubscriberRegReq{BaseInfo{zone='', dataId='sofa.config:name=com.alipay.sofa.middleware.servicegov.apps.sequence.downgradeRule,version=3.0@DRM', uuid='cf7234ba-e727-4318-811c-36c3b10a0c79', instanceId='', attributes={}}}, remoteAddress='null', registed=false, enabled=true}
java.lang.RuntimeException: server is unavailable
	at com.alipay.drm.client.remoting.client.ClientManager.getServerInfo(ClientManager.java:151)
	at com.alipay.drm.client.remoting.client.ClientManager.oneway(ClientManager.java:114)
	at com.alipay.drm.client.assembly.register.RegisterClient.register(RegisterClient.java:150)
	at com.alipay.drm.client.assembly.register.RegisterClient.register(RegisterClient.java:121)
	at com.alipay.drm.client.assembly.register.RegisterAssembly.register(RegisterAssembly.java:124)
	at com.alipay.drm.client.assembly.register.RegisterAssembly.assembly(RegisterAssembly.java:100)
	at com.alipay.drm.client.manager.DistributedResourceManagerImpl.realRegister(DistributedResourceManagerImpl.java:195)
	at com.alipay.drm.client.manager.DistributedResourceManagerImpl.register(DistributedResourceManagerImpl.java:144)
	at com.alipay.sofa.rpc.servcegovern.drm.AppGovernanceDrmResource.<init>(AppGovernanceDrmResource.java:75)
	at com.alipay.sofa.rpc.servcegovern.drm.AppGovernanceDrmResource.getInstance(AppGovernanceDrmResource.java:82)
	at com.alipay.sofa.rpc.servcegovern.downgrade.DowngradeFilter.needToLoad(DowngradeFilter.java:68)
	at com.alipay.sofa.rpc.filter.FilterChain.<init>(FilterChain.java:128)
	at com.alipay.sofa.rpc.filter.FilterChain.buildConsumerChain(FilterChain.java:163)
	at com.alipay.sofa.rpc.client.AbstractCluster.init(AbstractCluster.java:140)
	at com.alipay.sofa.rpc.bootstrap.DefaultConsumerBootstrap.refer(DefaultConsumerBootstrap.java:154)
	at com.alipay.sofa.rpc.config.ConsumerConfig.refer(ConsumerConfig.java:926)
	at com.alipay.sofa.rpc.boot.runtime.adapter.RpcBindingAdapter.inBinding(RpcBindingAdapter.java:218)
	at com.alipay.boot.sofarpc.adapter.EnterpriseBoltBindingAdapter.inBinding(EnterpriseBoltBindingAdapter.java:68)
	at com.alipay.boot.sofarpc.adapter.EnterpriseBoltBindingAdapter.inBinding(EnterpriseBoltBindingAdapter.java:40)
	at com.alipay.sofa.runtime.service.component.ReferenceComponent.createProxy(ReferenceComponent.java:225)
	at com.alipay.sofa.runtime.service.component.ReferenceComponent.activate(ReferenceComponent.java:141)
	at com.alipay.sofa.runtime.component.impl.ComponentManagerImpl.doRegister(ComponentManagerImpl.java:160)
	at com.alipay.sofa.runtime.component.impl.ComponentManagerImpl.registerAndGet(ComponentManagerImpl.java:120)
	at com.alipay.sofa.runtime.service.helper.ReferenceRegisterHelper.registerReference(ReferenceRegisterHelper.java:59)
	at com.alipay.sofa.runtime.spring.factory.ReferenceFactoryBean.doAfterPropertiesSet(ReferenceFactoryBean.java:62)
	at com.alipay.sofa.runtime.spring.factory.AbstractContractFactoryBean.afterPropertiesSet(AbstractContractFactoryBean.java:99)
	at org.springframework.beans.factory.support.AbstractAutowireCapableBeanFactory.invokeInitMethods(AbstractAutowireCapableBeanFactory.java:1830)
	at org.springframework.beans.factory.support.AbstractAutowireCapableBeanFactory.initializeBean(AbstractAutowireCapableBeanFactory.java:1767)
	at org.springframework.beans.factory.support.AbstractAutowireCapableBeanFactory.doCreateBean(AbstractAutowireCapableBeanFactory.java:593)
	at org.springframework.beans.factory.support.AbstractAutowireCapableBeanFactory.createBean(AbstractAutowireCapableBeanFactory.java:515)
	at org.springframework.beans.factory.support.AbstractBeanFactory.lambda$doGetBean$0(AbstractBeanFactory.java:320)
	at org.springframework.beans.factory.support.DefaultSingletonBeanRegistry.getSingleton(DefaultSingletonBeanRegistry.java:222)
	at org.springframework.beans.factory.support.AbstractBeanFactory.doGetBean(AbstractBeanFactory.java:318)
	at org.springframework.beans.factory.support.AbstractBeanFactory.getBean(AbstractBeanFactory.java:199)
	at org.springframework.beans.factory.support.DefaultListableBeanFactory.preInstantiateSingletons(DefaultListableBeanFactory.java:828)
	at org.springframework.context.support.AbstractApplicationContext.finishBeanFactoryInitialization(AbstractApplicationContext.java:877)
	at org.springframework.context.support.AbstractApplicationContext.refresh(AbstractApplicationContext.java:549)
	at org.springframework.boot.web.servlet.context.ServletWebServerApplicationContext.refresh(ServletWebServerApplicationContext.java:141)
	at org.springframework.boot.SpringApplication.refresh(SpringApplication.java:744)
	at org.springframework.boot.SpringApplication.refreshContext(SpringApplication.java:391)
	at org.springframework.boot.SpringApplication.run(SpringApplication.java:312)
	at com.alipay.sofa.sequence.start.SequenceApplication.main(SequenceApplication.java:32)
