2021-03-14 21:01:44,049 INFO  Start building distributed resource ...
2021-03-14 21:01:44,063 INFO  Register distributed resource [Alipay.sequence:name=com.alipay.sofa.rpc.ldc.route.drm.config,version=3.0]
2021-03-14 21:01:46,440 INFO  Register subscriber for drm zone name...
2021-03-14 21:01:46,456 INFO  Register subscriber for zdrmdata rest url...
2021-03-14 21:01:46,457 INFO  Register subscriber for zdrmdata heartbeat url...
2021-03-14 21:01:46,457 INFO  Register subscriber for zdrmdata server url...
2021-03-14 21:01:46,536 INFO  DRM TR server started, port: 9877
2021-03-14 21:01:46,536 INFO  Register TR handler for drm resource [com.alipay.sofa.rpc.ldc.route.drm.config]
2021-03-14 21:01:46,536 INFO  Register attribute [publishConfig]
2021-03-14 21:01:46,538 INFO  Register attribute [routeConfig]
2021-03-14 21:01:46,538 INFO  Register zdrmdata subscribers for [com.alipay.sofa.rpc.ldc.route.drm.config]
2021-03-14 21:01:46,539 INFO  Subscribe attribute[Alipay.sequence:name=com.alipay.sofa.rpc.ldc.route.drm.config.publishConfig,version=3.0@DRM]
2021-03-14 21:01:46,696 INFO  Subscribe attribute[Alipay.sequence:name=com.alipay.sofa.rpc.ldc.route.drm.config.routeConfig,version=3.0@DRM]
2021-03-14 21:01:46,696 INFO  Register distributed resource [Alipay.sequence:name=com.alipay.sofa.rpc.ldc.route.drm.config,version=3.0] completed
2021-03-14 21:01:51,168 INFO  Start building distributed resource ...
2021-03-14 21:01:51,177 INFO  Register distributed resource [sofa.config:name=com.alipay.sofa.middleware.servicegov.apps.sequence,version=3.0]
2021-03-14 21:01:51,177 INFO  Register TR handler for drm resource [com.alipay.sofa.middleware.servicegov.apps.sequence]
2021-03-14 21:01:51,177 INFO  Register attribute [circuitBreakerRules]
2021-03-14 21:01:51,177 INFO  Register attribute [downgradeRule]
2021-03-14 21:01:51,177 INFO  Register zdrmdata subscribers for [com.alipay.sofa.middleware.servicegov.apps.sequence]
2021-03-14 21:01:51,177 INFO  Subscribe attribute[sofa.config:name=com.alipay.sofa.middleware.servicegov.apps.sequence.circuitBreakerRules,version=3.0@DRM]
2021-03-14 21:01:51,178 INFO  Subscribe attribute[sofa.config:name=com.alipay.sofa.middleware.servicegov.apps.sequence.downgradeRule,version=3.0@DRM]
2021-03-14 21:01:51,178 INFO  Register distributed resource [sofa.config:name=com.alipay.sofa.middleware.servicegov.apps.sequence,version=3.0] completed
2021-03-14 21:02:48,267 INFO  Start building distributed resource ...
2021-03-14 21:02:48,285 INFO  Register distributed resource [Alipay.sequence:name=com.alipay.sofa.rpc.ldc.route.drm.config,version=3.0]
2021-03-14 21:02:50,629 INFO  Register subscriber for drm zone name...
2021-03-14 21:02:50,650 INFO  Register subscriber for zdrmdata rest url...
2021-03-14 21:02:50,651 INFO  Register subscriber for zdrmdata heartbeat url...
2021-03-14 21:02:50,651 INFO  Register subscriber for zdrmdata server url...
2021-03-14 21:02:50,745 INFO  DRM TR server started, port: 9877
2021-03-14 21:02:50,745 INFO  Register TR handler for drm resource [com.alipay.sofa.rpc.ldc.route.drm.config]
2021-03-14 21:02:50,745 INFO  Register attribute [publishConfig]
2021-03-14 21:02:50,747 INFO  Register attribute [routeConfig]
2021-03-14 21:02:50,747 INFO  Register zdrmdata subscribers for [com.alipay.sofa.rpc.ldc.route.drm.config]
2021-03-14 21:02:50,748 INFO  Subscribe attribute[Alipay.sequence:name=com.alipay.sofa.rpc.ldc.route.drm.config.publishConfig,version=3.0@DRM]
2021-03-14 21:02:50,940 INFO  Subscribe attribute[Alipay.sequence:name=com.alipay.sofa.rpc.ldc.route.drm.config.routeConfig,version=3.0@DRM]
2021-03-14 21:02:50,940 INFO  Register distributed resource [Alipay.sequence:name=com.alipay.sofa.rpc.ldc.route.drm.config,version=3.0] completed
2021-03-14 21:03:20,655 INFO  Start building distributed resource ...
2021-03-14 21:03:20,664 INFO  Register distributed resource [sofa.config:name=com.alipay.sofa.middleware.servicegov.apps.sequence,version=3.0]
2021-03-14 21:03:20,665 INFO  Register TR handler for drm resource [com.alipay.sofa.middleware.servicegov.apps.sequence]
2021-03-14 21:03:20,665 INFO  Register attribute [circuitBreakerRules]
2021-03-14 21:03:20,665 INFO  Register attribute [downgradeRule]
2021-03-14 21:03:20,665 INFO  Register zdrmdata subscribers for [com.alipay.sofa.middleware.servicegov.apps.sequence]
2021-03-14 21:03:20,665 INFO  Subscribe attribute[sofa.config:name=com.alipay.sofa.middleware.servicegov.apps.sequence.circuitBreakerRules,version=3.0@DRM]
2021-03-14 21:03:20,665 INFO  Subscribe attribute[sofa.config:name=com.alipay.sofa.middleware.servicegov.apps.sequence.downgradeRule,version=3.0@DRM]
2021-03-14 21:03:20,665 INFO  Register distributed resource [sofa.config:name=com.alipay.sofa.middleware.servicegov.apps.sequence,version=3.0] completed
