2021-03-14 21:01:46.530  WARN  [,] ---- Server start success: 9,877
2021-03-14 21:01:46.535  INFO  [,] ---- Initializing ExecutorService
2021-03-14 21:01:46.536  INFO  [,] ---- Initializing ExecutorService
2021-03-14 21:01:46.744  INFO  [,] ---- Starting SequenceApplication on LAPTOP-H9LBDCGL with PID 30016 (C:\Users\11629\Desktop\cc\seq\2021_03_10\coding\product-sequence\target\classes started by 11629 in C:\Users\11629\Desktop\cc\seq\2021_03_10\coding)
2021-03-14 21:01:46.745  INFO  [,] ---- No active profile set, falling back to default profiles: default
2021-03-14 21:01:48.353  INFO  [,] ---- Bean 'com.alipay.sofa.boot.autoconfigure.tracer.TracerAnnotationAutoConfiguration' of type [com.alipay.sofa.boot.autoconfigure.tracer.TracerAnnotationAutoConfiguration$$EnhancerBySpringCGLIB$$39aeb14] is not eligible for getting processed by all BeanPostProcessors (for example: not eligible for auto-proxying)
2021-03-14 21:01:48.368  INFO  [,] ---- Bean 'com.alipay.sofa.boot.autoconfigure.tracer.SofaTracerAutoConfiguration' of type [com.alipay.sofa.boot.autoconfigure.tracer.SofaTracerAutoConfiguration$$EnhancerBySpringCGLIB$$1bd350ac] is not eligible for getting processed by all BeanPostProcessors (for example: not eligible for auto-proxying)
2021-03-14 21:01:48.382  INFO  [,] ---- Bean 'com.alipay.sofa.tracer-com.alipay.sofa.tracer.boot.properties.SofaTracerProperties' of type [com.alipay.sofa.tracer.boot.properties.SofaTracerProperties] is not eligible for getting processed by all BeanPostProcessors (for example: not eligible for auto-proxying)
2021-03-14 21:01:48.401  INFO  [,] ---- Bean 'tracer' of type [com.alipay.sofa.tracer.plugin.flexible.FlexibleTracer] is not eligible for getting processed by all BeanPostProcessors (for example: not eligible for auto-proxying)
2021-03-14 21:01:48.405  INFO  [,] ---- Bean 'sofaMethodInvocationProcessor' of type [com.alipay.sofa.tracer.boot.flexible.processor.SofaTracerMethodInvocationProcessor] is not eligible for getting processed by all BeanPostProcessors (for example: not eligible for auto-proxying)
2021-03-14 21:01:48.406  INFO  [,] ---- Bean 'sofaTracerIntroductionInterceptor' of type [com.alipay.sofa.tracer.boot.flexible.processor.SofaTracerIntroductionInterceptor] is not eligible for getting processed by all BeanPostProcessors (for example: not eligible for auto-proxying)
2021-03-14 21:01:48.465  INFO  [,] ---- Bean 'com.alipay.sofa.boot.autoconfigure.tracer.SofaTracerRestTemplateAutoConfiguration' of type [com.alipay.sofa.boot.autoconfigure.tracer.SofaTracerRestTemplateAutoConfiguration$$EnhancerBySpringCGLIB$$40a5291e] is not eligible for getting processed by all BeanPostProcessors (for example: not eligible for auto-proxying)
2021-03-14 21:01:48.471  INFO  [,] ---- Bean 'sofaTracerRestTemplateEnhance' of type [com.alipay.sofa.tracer.boot.resttemplate.SofaTracerRestTemplateEnhance] is not eligible for getting processed by all BeanPostProcessors (for example: not eligible for auto-proxying)
2021-03-14 21:01:48.738  INFO  [,] ---- Tomcat initialized with port(s): 8001 (http)
2021-03-14 21:01:48.756  INFO  [,] ---- Initializing ProtocolHandler ["http-nio-8001"]
2021-03-14 21:01:48.765  INFO  [,] ---- Starting service [Tomcat]
2021-03-14 21:01:48.766  INFO  [,] ---- Starting Servlet engine: [Apache Tomcat/9.0.31]
2021-03-14 21:01:48.937  INFO  [,] ---- Initializing Spring embedded WebApplicationContext
2021-03-14 21:01:48.937  INFO  [,] ---- Root WebApplicationContext: initialization completed in 2153 ms
2021-03-14 21:01:49.420  INFO  [,] ---- 开始获取redis序列
2021-03-14 21:01:49.420  INFO  [,] ---- redis序列关闭
2021-03-14 21:01:49.420  INFO  [,] ---- 获取redis序列成功
2021-03-14 21:01:49.427  INFO  [,] ---- Zero ID Gen Service Init Successfully
2021-03-14 21:01:49.428  INFO  [,] ---- springContextUtil initialize
2021-03-14 21:01:50.231  INFO  [,] ---- machine info hostname:LAPTOP-H9LBDCGL ,ip:192.168.0.103 ,mac:00-05-9A-3C-7A-00
2021-03-14 21:01:50.941  INFO  [,] ---- workerId:6
2021-03-14 21:01:50.945  INFO  [,] ---- init GenerateIdFactory ...
2021-03-14 21:01:50.945  INFO  [,] ---- init SnowflakeGenerateIdService ...
2021-03-14 21:01:50.945  INFO  [,] ---- init SegmentGenerateIdService ...
2021-03-14 21:01:50.947  INFO  [,] ---- init GenerateIdFactory end ...
2021-03-14 21:01:51.505  INFO  [,] ---- bizTag: china_all updating......
2021-03-14 21:01:52.059  INFO  [,] ---- IdSegment [seqLen=6, isLoop=1, minId=1, maxId=999999, curId=176000, curMinId=null, step=1000, middleId=null, defaultAppend=null, timeFormat=null]
2021-03-14 21:01:52.672  INFO  [,] ---- 获取序列段成功：IdSegment [seqLen=6, isLoop=1, minId=1, maxId=999999, curId=177000, curMinId=null, step=1000, middleId=null, defaultAppend=null, timeFormat=null]
2021-03-14 21:01:52.672  INFO  [,] ---- init builder by DB run success... 176000
2021-03-14 21:01:52.673  INFO  [,] ---- bizTag: china_all update successfully!
2021-03-14 21:01:52.673  INFO  [,] ---- bizTag: china_fix updating......
2021-03-14 21:01:53.798  INFO  [,] ---- IdSegment [seqLen=6, isLoop=1, minId=2, maxId=999999, curId=186000, curMinId=null, step=1000, middleId=null, defaultAppend=NIBS, timeFormat=null]
2021-03-14 21:01:54.366  INFO  [,] ---- 获取序列段成功：IdSegment [seqLen=6, isLoop=1, minId=2, maxId=999999, curId=187000, curMinId=null, step=1000, middleId=null, defaultAppend=NIBS, timeFormat=null]
2021-03-14 21:01:54.366  INFO  [,] ---- init builder by DB run success... 186000
2021-03-14 21:01:54.366  INFO  [,] ---- bizTag: china_fix update successfully!
2021-03-14 21:01:54.366  INFO  [,] ---- bizTag: china_sendno updating......
2021-03-14 21:01:54.892  INFO  [,] ---- IdSegment [seqLen=6, isLoop=1, minId=100000, maxId=999999, curId=203000, curMinId=null, step=1000, middleId=null, defaultAppend=NIBS, timeFormat=yyyyMMddHHmmss]
2021-03-14 21:01:55.548  INFO  [,] ---- 获取序列段成功：IdSegment [seqLen=6, isLoop=1, minId=100000, maxId=999999, curId=204000, curMinId=null, step=1000, middleId=null, defaultAppend=NIBS, timeFormat=yyyyMMddHHmmss]
2021-03-14 21:01:55.548  INFO  [,] ---- init builder by DB run success... 203000
2021-03-14 21:01:55.548  INFO  [,] ---- bizTag: china_sendno update successfully!
2021-03-14 21:01:55.548  INFO  [,] ---- bizTag: china_test updating......
2021-03-14 21:01:56.335  INFO  [,] ---- IdSegment [seqLen=6, isLoop=1, minId=2, maxId=999999, curId=139002, curMinId=null, step=1000, middleId=null, defaultAppend=null, timeFormat=SEQ]
2021-03-14 21:01:56.932  INFO  [,] ---- 获取序列段成功：IdSegment [seqLen=6, isLoop=1, minId=2, maxId=999999, curId=140002, curMinId=null, step=1000, middleId=null, defaultAppend=null, timeFormat=SEQ]
2021-03-14 21:01:56.932  INFO  [,] ---- init builder by DB run success... 139002
2021-03-14 21:01:56.933  INFO  [,] ---- bizTag: china_test update successfully!
2021-03-14 21:01:56.933  INFO  [,] ---- bizTag: tran_flow updating......
2021-03-14 21:01:57.492  INFO  [,] ---- IdSegment [seqLen=9, isLoop=1, minId=100000000, maxId=999999999, curId=100067005, curMinId=null, step=1000, middleId=null, defaultAppend=seq, timeFormat=yyyymmdd]
2021-03-14 21:01:58.049  INFO  [,] ---- 获取序列段成功：IdSegment [seqLen=9, isLoop=1, minId=100000000, maxId=999999999, curId=100068005, curMinId=null, step=1000, middleId=null, defaultAppend=seq, timeFormat=yyyymmdd]
2021-03-14 21:01:58.049  INFO  [,] ---- init builder by DB run success... 100067005
2021-03-14 21:01:58.049  INFO  [,] ---- bizTag: tran_flow update successfully!
2021-03-14 21:01:58.049  INFO  [,] ---- bizTag: tran_flow_test updating......
2021-03-14 21:01:58.560  INFO  [,] ---- IdSegment [seqLen=9, isLoop=1, minId=100000000, maxId=999999999, curId=100003005, curMinId=null, step=1000, middleId=null, defaultAppend=seq, timeFormat=yyyymmdd]
2021-03-14 21:01:59.410  INFO  [,] ---- 获取序列段成功：IdSegment [seqLen=9, isLoop=1, minId=100000000, maxId=999999999, curId=100004005, curMinId=null, step=1000, middleId=null, defaultAppend=seq, timeFormat=yyyymmdd]
2021-03-14 21:01:59.410  INFO  [,] ---- init builder by DB run success... 100003005
2021-03-14 21:01:59.410  INFO  [,] ---- bizTag: tran_flow_test update successfully!
2021-03-14 21:02:24.129  INFO  [,] ---- Initializing ExecutorService 'applicationTaskExecutor'
2021-03-14 21:02:24.397  INFO  [,] ---- Exposing 4 endpoint(s) beneath base path '/actuator'
2021-03-14 21:02:26.584  INFO  [,] ---- Starting ProtocolHandler ["http-nio-8001"]
2021-03-14 21:02:26.607  INFO  [,] ---- Tomcat started on port(s): 8001 (http) with context path ''
2021-03-14 21:02:26.612  INFO  [,] ---- Started SequenceApplication in 43.743 seconds (JVM running for 45.052)
2021-03-14 21:02:26.621  INFO  [,] ---- application start
2021-03-14 21:02:26.625  INFO  [,] ---- LongSerialNoOutDTO [errorCode=000000, errorMsg=null, serialNo=884037873303576576]
2021-03-14 21:02:26.794  INFO  [,] ---- Initializing Spring DispatcherServlet 'dispatcherServlet'
2021-03-14 21:02:26.794  INFO  [,] ---- Initializing Servlet 'dispatcherServlet'
2021-03-14 21:02:26.806  INFO  [,] ---- Completed initialization in 12 ms
2021-03-14 21:02:50.739  WARN  [,] ---- Server start success: 9,877
2021-03-14 21:02:50.744  INFO  [,] ---- Initializing ExecutorService
2021-03-14 21:02:50.745  INFO  [,] ---- Initializing ExecutorService
2021-03-14 21:02:50.999  INFO  [,] ---- Starting SequenceApplication on LAPTOP-H9LBDCGL with PID 4760 (C:\Users\11629\Desktop\cc\seq\2021_03_10\coding\product-sequence\target\classes started by 11629 in C:\Users\11629\Desktop\cc\seq\2021_03_10\coding)
2021-03-14 21:02:50.999  INFO  [,] ---- No active profile set, falling back to default profiles: default
2021-03-14 21:02:52.795  INFO  [,] ---- Bean 'com.alipay.sofa.boot.autoconfigure.tracer.TracerAnnotationAutoConfiguration' of type [com.alipay.sofa.boot.autoconfigure.tracer.TracerAnnotationAutoConfiguration$$EnhancerBySpringCGLIB$$b243bce2] is not eligible for getting processed by all BeanPostProcessors (for example: not eligible for auto-proxying)
2021-03-14 21:02:52.803  INFO  [,] ---- Bean 'com.alipay.sofa.boot.autoconfigure.tracer.SofaTracerAutoConfiguration' of type [com.alipay.sofa.boot.autoconfigure.tracer.SofaTracerAutoConfiguration$$EnhancerBySpringCGLIB$$ca7c227a] is not eligible for getting processed by all BeanPostProcessors (for example: not eligible for auto-proxying)
2021-03-14 21:02:52.818  INFO  [,] ---- Bean 'com.alipay.sofa.tracer-com.alipay.sofa.tracer.boot.properties.SofaTracerProperties' of type [com.alipay.sofa.tracer.boot.properties.SofaTracerProperties] is not eligible for getting processed by all BeanPostProcessors (for example: not eligible for auto-proxying)
2021-03-14 21:02:52.842  INFO  [,] ---- Bean 'tracer' of type [com.alipay.sofa.tracer.plugin.flexible.FlexibleTracer] is not eligible for getting processed by all BeanPostProcessors (for example: not eligible for auto-proxying)
2021-03-14 21:02:52.847  INFO  [,] ---- Bean 'sofaMethodInvocationProcessor' of type [com.alipay.sofa.tracer.boot.flexible.processor.SofaTracerMethodInvocationProcessor] is not eligible for getting processed by all BeanPostProcessors (for example: not eligible for auto-proxying)
2021-03-14 21:02:52.848  INFO  [,] ---- Bean 'sofaTracerIntroductionInterceptor' of type [com.alipay.sofa.tracer.boot.flexible.processor.SofaTracerIntroductionInterceptor] is not eligible for getting processed by all BeanPostProcessors (for example: not eligible for auto-proxying)
2021-03-14 21:02:52.916  INFO  [,] ---- Bean 'com.alipay.sofa.boot.autoconfigure.tracer.SofaTracerRestTemplateAutoConfiguration' of type [com.alipay.sofa.boot.autoconfigure.tracer.SofaTracerRestTemplateAutoConfiguration$$EnhancerBySpringCGLIB$$ef4dfaec] is not eligible for getting processed by all BeanPostProcessors (for example: not eligible for auto-proxying)
2021-03-14 21:02:52.922  INFO  [,] ---- Bean 'sofaTracerRestTemplateEnhance' of type [com.alipay.sofa.tracer.boot.resttemplate.SofaTracerRestTemplateEnhance] is not eligible for getting processed by all BeanPostProcessors (for example: not eligible for auto-proxying)
2021-03-14 21:02:53.219  INFO  [,] ---- Tomcat initialized with port(s): 8001 (http)
2021-03-14 21:02:53.239  INFO  [,] ---- Initializing ProtocolHandler ["http-nio-8001"]
2021-03-14 21:02:53.249  INFO  [,] ---- Starting service [Tomcat]
2021-03-14 21:02:53.249  INFO  [,] ---- Starting Servlet engine: [Apache Tomcat/9.0.31]
2021-03-14 21:02:53.430  INFO  [,] ---- Initializing Spring embedded WebApplicationContext
2021-03-14 21:02:53.430  INFO  [,] ---- Root WebApplicationContext: initialization completed in 2381 ms
2021-03-14 21:02:53.996  INFO  [,] ---- 开始获取redis序列
2021-03-14 21:03:18.240  INFO  [,] ---- redis序列关闭
2021-03-14 21:03:18.240  INFO  [,] ---- 获取redis序列成功
2021-03-14 21:03:18.253  INFO  [,] ---- Zero ID Gen Service Init Successfully
2021-03-14 21:03:18.254  INFO  [,] ---- springContextUtil initialize
2021-03-14 21:03:19.038  INFO  [,] ---- machine info hostname:LAPTOP-H9LBDCGL ,ip:192.168.0.103 ,mac:00-05-9A-3C-7A-00
2021-03-14 21:03:20.387  INFO  [,] ---- workerId:6
2021-03-14 21:03:20.391  INFO  [,] ---- init GenerateIdFactory ...
2021-03-14 21:03:20.391  INFO  [,] ---- init SnowflakeGenerateIdService ...
2021-03-14 21:03:20.391  INFO  [,] ---- init SegmentGenerateIdService ...
2021-03-14 21:03:20.393  INFO  [,] ---- init GenerateIdFactory end ...
2021-03-14 21:03:21.005  INFO  [,] ---- bizTag: china_all updating......
2021-03-14 21:03:21.694  INFO  [,] ---- IdSegment [seqLen=6, isLoop=1, minId=1, maxId=999999, curId=177000, curMinId=null, step=1000, middleId=null, defaultAppend=null, timeFormat=null]
2021-03-14 21:03:22.538  INFO  [,] ---- 获取序列段成功：IdSegment [seqLen=6, isLoop=1, minId=1, maxId=999999, curId=178000, curMinId=null, step=1000, middleId=null, defaultAppend=null, timeFormat=null]
2021-03-14 21:03:22.539  INFO  [,] ---- init builder by DB run success... 177000
2021-03-14 21:03:22.539  INFO  [,] ---- bizTag: china_all update successfully!
2021-03-14 21:03:22.539  INFO  [,] ---- bizTag: china_fix updating......
2021-03-14 21:03:23.115  INFO  [,] ---- IdSegment [seqLen=6, isLoop=1, minId=2, maxId=999999, curId=187000, curMinId=null, step=1000, middleId=null, defaultAppend=NIBS, timeFormat=null]
2021-03-14 21:03:23.935  INFO  [,] ---- 获取序列段成功：IdSegment [seqLen=6, isLoop=1, minId=2, maxId=999999, curId=188000, curMinId=null, step=1000, middleId=null, defaultAppend=NIBS, timeFormat=null]
2021-03-14 21:03:23.935  INFO  [,] ---- init builder by DB run success... 187000
2021-03-14 21:03:23.935  INFO  [,] ---- bizTag: china_fix update successfully!
2021-03-14 21:03:23.935  INFO  [,] ---- bizTag: china_sendno updating......
2021-03-14 21:03:24.575  INFO  [,] ---- IdSegment [seqLen=6, isLoop=1, minId=100000, maxId=999999, curId=204000, curMinId=null, step=1000, middleId=null, defaultAppend=NIBS, timeFormat=yyyyMMddHHmmss]
2021-03-14 21:03:25.266  INFO  [,] ---- 获取序列段成功：IdSegment [seqLen=6, isLoop=1, minId=100000, maxId=999999, curId=205000, curMinId=null, step=1000, middleId=null, defaultAppend=NIBS, timeFormat=yyyyMMddHHmmss]
2021-03-14 21:03:25.266  INFO  [,] ---- init builder by DB run success... 204000
2021-03-14 21:03:25.266  INFO  [,] ---- bizTag: china_sendno update successfully!
2021-03-14 21:03:25.266  INFO  [,] ---- bizTag: china_test updating......
2021-03-14 21:03:25.852  INFO  [,] ---- IdSegment [seqLen=6, isLoop=1, minId=2, maxId=999999, curId=140002, curMinId=null, step=1000, middleId=null, defaultAppend=null, timeFormat=SEQ]
2021-03-14 21:03:26.454  INFO  [,] ---- 获取序列段成功：IdSegment [seqLen=6, isLoop=1, minId=2, maxId=999999, curId=141002, curMinId=null, step=1000, middleId=null, defaultAppend=null, timeFormat=SEQ]
2021-03-14 21:03:26.454  INFO  [,] ---- init builder by DB run success... 140002
2021-03-14 21:03:26.454  INFO  [,] ---- bizTag: china_test update successfully!
2021-03-14 21:03:26.454  INFO  [,] ---- bizTag: tran_flow updating......
2021-03-14 21:03:26.940  INFO  [,] ---- IdSegment [seqLen=9, isLoop=1, minId=100000000, maxId=999999999, curId=100068005, curMinId=null, step=1000, middleId=null, defaultAppend=seq, timeFormat=yyyymmdd]
2021-03-14 21:03:27.615  INFO  [,] ---- 获取序列段成功：IdSegment [seqLen=9, isLoop=1, minId=100000000, maxId=999999999, curId=100069005, curMinId=null, step=1000, middleId=null, defaultAppend=seq, timeFormat=yyyymmdd]
2021-03-14 21:03:27.615  INFO  [,] ---- init builder by DB run success... 100068005
2021-03-14 21:03:27.615  INFO  [,] ---- bizTag: tran_flow update successfully!
2021-03-14 21:03:27.615  INFO  [,] ---- bizTag: tran_flow_test updating......
2021-03-14 21:03:28.164  INFO  [,] ---- IdSegment [seqLen=9, isLoop=1, minId=100000000, maxId=999999999, curId=100004005, curMinId=null, step=1000, middleId=null, defaultAppend=seq, timeFormat=yyyymmdd]
2021-03-14 21:03:29.246  INFO  [,] ---- 获取序列段成功：IdSegment [seqLen=9, isLoop=1, minId=100000000, maxId=999999999, curId=100005005, curMinId=null, step=1000, middleId=null, defaultAppend=seq, timeFormat=yyyymmdd]
2021-03-14 21:03:29.246  INFO  [,] ---- init builder by DB run success... 100004005
2021-03-14 21:03:29.246  INFO  [,] ---- bizTag: tran_flow_test update successfully!
2021-03-14 21:03:53.628  INFO  [,] ---- Initializing ExecutorService 'applicationTaskExecutor'
2021-03-14 21:03:53.936  INFO  [,] ---- Exposing 4 endpoint(s) beneath base path '/actuator'
2021-03-14 21:03:56.151  INFO  [,] ---- Starting ProtocolHandler ["http-nio-8001"]
2021-03-14 21:03:56.173  INFO  [,] ---- Tomcat started on port(s): 8001 (http) with context path ''
2021-03-14 21:03:56.178  INFO  [,] ---- Started SequenceApplication in 69.052 seconds (JVM running for 70.7)
2021-03-14 21:03:56.188  INFO  [,] ---- application start
2021-03-14 21:03:56.193  INFO  [,] ---- LongSerialNoOutDTO [errorCode=000000, errorMsg=null, serialNo=884038248978997248]
2021-03-14 21:03:56.322  INFO  [,] ---- Initializing Spring DispatcherServlet 'dispatcherServlet'
2021-03-14 21:03:56.322  INFO  [,] ---- Initializing Servlet 'dispatcherServlet'
2021-03-14 21:03:56.333  INFO  [,] ---- Completed initialization in 11 ms
2021-03-14 21:04:30.781  INFO  [,] ---- bizTag: china_all updating......
2021-03-14 21:04:30.782  INFO  [,] ---- bizTag: china_fix updating......
2021-03-14 21:04:30.782  INFO  [,] ---- bizTag: china_sendno updating......
2021-03-14 21:04:30.782  INFO  [,] ---- bizTag: china_test updating......
2021-03-14 21:04:30.782  INFO  [,] ---- bizTag: tran_flow updating......
2021-03-14 21:04:30.782  INFO  [,] ---- bizTag: tran_flow_test updating......
2021-03-14 21:05:32.646  INFO  [,] ---- bizTag: china_all updating......
2021-03-14 21:05:32.646  INFO  [,] ---- bizTag: china_fix updating......
2021-03-14 21:05:32.646  INFO  [,] ---- bizTag: china_sendno updating......
2021-03-14 21:05:32.646  INFO  [,] ---- bizTag: china_test updating......
2021-03-14 21:05:32.646  INFO  [,] ---- bizTag: tran_flow updating......
2021-03-14 21:05:32.646  INFO  [,] ---- bizTag: tran_flow_test updating......
2021-03-14 21:06:33.810  INFO  [,] ---- bizTag: china_all updating......
2021-03-14 21:06:33.810  INFO  [,] ---- bizTag: china_fix updating......
2021-03-14 21:06:33.810  INFO  [,] ---- bizTag: china_sendno updating......
2021-03-14 21:06:33.810  INFO  [,] ---- bizTag: china_test updating......
2021-03-14 21:06:33.810  INFO  [,] ---- bizTag: tran_flow updating......
2021-03-14 21:06:33.810  INFO  [,] ---- bizTag: tran_flow_test updating......
2021-03-14 21:07:35.053  INFO  [,] ---- bizTag: china_all updating......
2021-03-14 21:07:35.053  INFO  [,] ---- bizTag: china_fix updating......
2021-03-14 21:07:35.053  INFO  [,] ---- bizTag: china_sendno updating......
2021-03-14 21:07:35.053  INFO  [,] ---- bizTag: china_test updating......
2021-03-14 21:07:35.053  INFO  [,] ---- bizTag: tran_flow updating......
2021-03-14 21:07:35.053  INFO  [,] ---- bizTag: tran_flow_test updating......
2021-03-14 21:08:36.804  INFO  [,] ---- bizTag: china_all updating......
2021-03-14 21:08:36.804  INFO  [,] ---- bizTag: china_fix updating......
2021-03-14 21:08:36.804  INFO  [,] ---- bizTag: china_sendno updating......
2021-03-14 21:08:36.804  INFO  [,] ---- bizTag: china_test updating......
2021-03-14 21:08:36.804  INFO  [,] ---- bizTag: tran_flow updating......
2021-03-14 21:08:36.804  INFO  [,] ---- bizTag: tran_flow_test updating......
2021-03-14 21:09:37.978  INFO  [,] ---- bizTag: china_all updating......
2021-03-14 21:09:37.978  INFO  [,] ---- bizTag: china_fix updating......
2021-03-14 21:09:37.978  INFO  [,] ---- bizTag: china_sendno updating......
2021-03-14 21:09:37.978  INFO  [,] ---- bizTag: china_test updating......
2021-03-14 21:09:37.978  INFO  [,] ---- bizTag: tran_flow updating......
2021-03-14 21:09:37.978  INFO  [,] ---- bizTag: tran_flow_test updating......
2021-03-14 21:10:39.976  INFO  [,] ---- bizTag: china_all updating......
2021-03-14 21:10:39.976  INFO  [,] ---- bizTag: china_fix updating......
2021-03-14 21:10:39.976  INFO  [,] ---- bizTag: china_sendno updating......
2021-03-14 21:10:39.976  INFO  [,] ---- bizTag: china_test updating......
2021-03-14 21:10:39.976  INFO  [,] ---- bizTag: tran_flow updating......
2021-03-14 21:10:39.976  INFO  [,] ---- bizTag: tran_flow_test updating......
2021-03-14 21:11:41.738  INFO  [,] ---- bizTag: china_all updating......
2021-03-14 21:11:41.739  INFO  [,] ---- bizTag: china_fix updating......
2021-03-14 21:11:41.739  INFO  [,] ---- bizTag: china_sendno updating......
2021-03-14 21:11:41.739  INFO  [,] ---- bizTag: china_test updating......
2021-03-14 21:11:41.739  INFO  [,] ---- bizTag: tran_flow updating......
2021-03-14 21:11:41.739  INFO  [,] ---- bizTag: tran_flow_test updating......
2021-03-14 21:12:43.350  INFO  [,] ---- bizTag: china_all updating......
2021-03-14 21:12:43.350  INFO  [,] ---- bizTag: china_fix updating......
2021-03-14 21:12:43.350  INFO  [,] ---- bizTag: china_sendno updating......
2021-03-14 21:12:43.350  INFO  [,] ---- bizTag: china_test updating......
2021-03-14 21:12:43.350  INFO  [,] ---- bizTag: tran_flow updating......
2021-03-14 21:12:43.350  INFO  [,] ---- bizTag: tran_flow_test updating......
2021-03-14 21:13:45.419  INFO  [,] ---- bizTag: china_all updating......
2021-03-14 21:13:45.419  INFO  [,] ---- bizTag: china_fix updating......
2021-03-14 21:13:45.419  INFO  [,] ---- bizTag: china_sendno updating......
2021-03-14 21:13:45.419  INFO  [,] ---- bizTag: china_test updating......
2021-03-14 21:13:45.419  INFO  [,] ---- bizTag: tran_flow updating......
2021-03-14 21:13:45.419  INFO  [,] ---- bizTag: tran_flow_test updating......
2021-03-14 21:14:46.924  INFO  [,] ---- bizTag: china_all updating......
2021-03-14 21:14:46.924  INFO  [,] ---- bizTag: china_fix updating......
2021-03-14 21:14:46.924  INFO  [,] ---- bizTag: china_sendno updating......
2021-03-14 21:14:46.925  INFO  [,] ---- bizTag: china_test updating......
2021-03-14 21:14:46.925  INFO  [,] ---- bizTag: tran_flow updating......
2021-03-14 21:14:46.925  INFO  [,] ---- bizTag: tran_flow_test updating......
2021-03-14 21:15:48.606  INFO  [,] ---- bizTag: china_all updating......
2021-03-14 21:15:48.606  INFO  [,] ---- bizTag: china_fix updating......
2021-03-14 21:15:48.607  INFO  [,] ---- bizTag: china_sendno updating......
2021-03-14 21:15:48.607  INFO  [,] ---- bizTag: china_test updating......
2021-03-14 21:15:48.607  INFO  [,] ---- bizTag: tran_flow updating......
2021-03-14 21:15:48.607  INFO  [,] ---- bizTag: tran_flow_test updating......
2021-03-14 21:16:50.288  INFO  [,] ---- bizTag: china_all updating......
2021-03-14 21:16:50.289  INFO  [,] ---- bizTag: china_fix updating......
2021-03-14 21:16:50.289  INFO  [,] ---- bizTag: china_sendno updating......
2021-03-14 21:16:50.289  INFO  [,] ---- bizTag: china_test updating......
2021-03-14 21:16:50.289  INFO  [,] ---- bizTag: tran_flow updating......
2021-03-14 21:16:50.289  INFO  [,] ---- bizTag: tran_flow_test updating......
2021-03-14 21:17:51.896  INFO  [,] ---- bizTag: china_all updating......
2021-03-14 21:17:51.897  INFO  [,] ---- bizTag: china_fix updating......
2021-03-14 21:17:51.897  INFO  [,] ---- bizTag: china_sendno updating......
2021-03-14 21:17:51.897  INFO  [,] ---- bizTag: china_test updating......
2021-03-14 21:17:51.897  INFO  [,] ---- bizTag: tran_flow updating......
2021-03-14 21:17:51.897  INFO  [,] ---- bizTag: tran_flow_test updating......
2021-03-14 21:18:53.173  INFO  [,] ---- bizTag: china_all updating......
2021-03-14 21:18:53.173  INFO  [,] ---- bizTag: china_fix updating......
2021-03-14 21:18:53.173  INFO  [,] ---- bizTag: china_sendno updating......
2021-03-14 21:18:53.173  INFO  [,] ---- bizTag: china_test updating......
2021-03-14 21:18:53.173  INFO  [,] ---- bizTag: tran_flow updating......
2021-03-14 21:18:53.173  INFO  [,] ---- bizTag: tran_flow_test updating......
2021-03-14 21:19:54.686  INFO  [,] ---- bizTag: china_all updating......
2021-03-14 21:19:54.687  INFO  [,] ---- bizTag: china_fix updating......
2021-03-14 21:19:54.687  INFO  [,] ---- bizTag: china_sendno updating......
2021-03-14 21:19:54.687  INFO  [,] ---- bizTag: china_test updating......
2021-03-14 21:19:54.687  INFO  [,] ---- bizTag: tran_flow updating......
2021-03-14 21:19:54.687  INFO  [,] ---- bizTag: tran_flow_test updating......
2021-03-14 21:20:55.941  INFO  [,] ---- bizTag: china_all updating......
2021-03-14 21:20:55.941  INFO  [,] ---- bizTag: china_fix updating......
2021-03-14 21:20:55.941  INFO  [,] ---- bizTag: china_sendno updating......
2021-03-14 21:20:55.942  INFO  [,] ---- bizTag: china_test updating......
2021-03-14 21:20:55.942  INFO  [,] ---- bizTag: tran_flow updating......
2021-03-14 21:20:55.942  INFO  [,] ---- bizTag: tran_flow_test updating......
2021-03-14 21:21:57.352  INFO  [,] ---- bizTag: china_all updating......
2021-03-14 21:21:57.353  INFO  [,] ---- bizTag: china_fix updating......
2021-03-14 21:21:57.353  INFO  [,] ---- bizTag: china_sendno updating......
2021-03-14 21:21:57.353  INFO  [,] ---- bizTag: china_test updating......
2021-03-14 21:21:57.353  INFO  [,] ---- bizTag: tran_flow updating......
2021-03-14 21:21:57.353  INFO  [,] ---- bizTag: tran_flow_test updating......
2021-03-14 21:22:58.815  INFO  [,] ---- bizTag: china_all updating......
2021-03-14 21:22:58.816  INFO  [,] ---- bizTag: china_fix updating......
2021-03-14 21:22:58.816  INFO  [,] ---- bizTag: china_sendno updating......
2021-03-14 21:22:58.816  INFO  [,] ---- bizTag: china_test updating......
2021-03-14 21:22:58.816  INFO  [,] ---- bizTag: tran_flow updating......
2021-03-14 21:22:58.816  INFO  [,] ---- bizTag: tran_flow_test updating......
2021-03-14 21:24:00.254  INFO  [,] ---- bizTag: china_all updating......
2021-03-14 21:24:00.255  INFO  [,] ---- bizTag: china_fix updating......
2021-03-14 21:24:00.255  INFO  [,] ---- bizTag: china_sendno updating......
2021-03-14 21:24:00.255  INFO  [,] ---- bizTag: china_test updating......
2021-03-14 21:24:00.255  INFO  [,] ---- bizTag: tran_flow updating......
2021-03-14 21:24:00.255  INFO  [,] ---- bizTag: tran_flow_test updating......
2021-03-14 21:25:01.580  INFO  [,] ---- bizTag: china_all updating......
2021-03-14 21:25:01.580  INFO  [,] ---- bizTag: china_fix updating......
2021-03-14 21:25:01.580  INFO  [,] ---- bizTag: china_sendno updating......
2021-03-14 21:25:01.580  INFO  [,] ---- bizTag: china_test updating......
2021-03-14 21:25:01.580  INFO  [,] ---- bizTag: tran_flow updating......
2021-03-14 21:25:01.580  INFO  [,] ---- bizTag: tran_flow_test updating......
2021-03-14 21:26:03.871  INFO  [,] ---- bizTag: china_all updating......
2021-03-14 21:26:03.871  INFO  [,] ---- bizTag: china_fix updating......
2021-03-14 21:26:03.871  INFO  [,] ---- bizTag: china_sendno updating......
2021-03-14 21:26:03.871  INFO  [,] ---- bizTag: china_test updating......
2021-03-14 21:26:03.871  INFO  [,] ---- bizTag: tran_flow updating......
2021-03-14 21:26:03.871  INFO  [,] ---- bizTag: tran_flow_test updating......
2021-03-14 21:27:05.047  INFO  [,] ---- bizTag: china_all updating......
2021-03-14 21:27:05.047  INFO  [,] ---- bizTag: china_fix updating......
2021-03-14 21:27:05.047  INFO  [,] ---- bizTag: china_sendno updating......
2021-03-14 21:27:05.047  INFO  [,] ---- bizTag: china_test updating......
2021-03-14 21:27:05.047  INFO  [,] ---- bizTag: tran_flow updating......
2021-03-14 21:27:05.047  INFO  [,] ---- bizTag: tran_flow_test updating......
2021-03-14 21:28:06.497  INFO  [,] ---- bizTag: china_all updating......
2021-03-14 21:28:06.497  INFO  [,] ---- bizTag: china_fix updating......
2021-03-14 21:28:06.497  INFO  [,] ---- bizTag: china_sendno updating......
2021-03-14 21:28:06.497  INFO  [,] ---- bizTag: china_test updating......
2021-03-14 21:28:06.498  INFO  [,] ---- bizTag: tran_flow updating......
2021-03-14 21:28:06.498  INFO  [,] ---- bizTag: tran_flow_test updating......
2021-03-14 21:29:08.228  INFO  [,] ---- bizTag: china_all updating......
2021-03-14 21:29:08.228  INFO  [,] ---- bizTag: china_fix updating......
2021-03-14 21:29:08.228  INFO  [,] ---- bizTag: china_sendno updating......
2021-03-14 21:29:08.228  INFO  [,] ---- bizTag: china_test updating......
2021-03-14 21:29:08.228  INFO  [,] ---- bizTag: tran_flow updating......
2021-03-14 21:29:08.228  INFO  [,] ---- bizTag: tran_flow_test updating......
