2021-03-14 21:01:46,737 INFO  main                             - SOFABoot Runtime Starting!
2021-03-14 21:01:50,967 INFO  main                             - Registering component: reference:com.alipay.sofa.sequence.api.OrderSerialNoService:1.0.0#1588870502
2021-03-14 21:01:50,967 INFO  main                             -  >>In Binding [bolt] Begins - com.alipay.sofa.sequence.api.OrderSerialNoService:1.0.0.
2021-03-14 21:02:23,568 INFO  main                             -  >>In Binding [bolt] Ends - com.alipay.sofa.sequence.api.OrderSerialNoService:1.0.0.
2021-03-14 21:02:23,568 INFO  main                             -  >>In Binding [jvm] Begins - com.alipay.sofa.sequence.api.OrderSerialNoService:1.0.0.
2021-03-14 21:02:23,579 INFO  main                             -  >>In Binding [jvm] Ends - com.alipay.sofa.sequence.api.OrderSerialNoService:1.0.0.
2021-03-14 21:02:23,593 INFO  main                             - Registering component: service:com.alipay.sofa.sequence.api.RedisSerialNoService:1.0.0
2021-03-14 21:02:23,593 INFO  main                             -  <<PreOut Binding [bolt] Begins - com.alipay.sofa.sequence.api.RedisSerialNoService:1.0.0.
2021-03-14 21:02:24,003 INFO  main                             -  <<PreOut Binding [bolt] Ends - com.alipay.sofa.sequence.api.RedisSerialNoService:1.0.0.
2021-03-14 21:02:24,003 INFO  main                             -  <<Out Binding [bolt] Begins - com.alipay.sofa.sequence.api.RedisSerialNoService:1.0.0.
2021-03-14 21:02:24,023 INFO  main                             -  <<Out Binding [bolt] Ends - com.alipay.sofa.sequence.api.RedisSerialNoService:1.0.0.
2021-03-14 21:02:24,023 INFO  main                             - Register Service - com.alipay.sofa.sequence.api.RedisSerialNoService:1.0.0
2021-03-14 21:02:24,028 INFO  main                             - Registering component: service:com.alipay.sofa.sequence.api.MessageSerialNoService:1.0.0
2021-03-14 21:02:24,028 INFO  main                             -  <<PreOut Binding [bolt] Begins - com.alipay.sofa.sequence.api.MessageSerialNoService:1.0.0.
2021-03-14 21:02:24,029 INFO  main                             -  <<PreOut Binding [bolt] Ends - com.alipay.sofa.sequence.api.MessageSerialNoService:1.0.0.
2021-03-14 21:02:24,029 INFO  main                             -  <<Out Binding [bolt] Begins - com.alipay.sofa.sequence.api.MessageSerialNoService:1.0.0.
2021-03-14 21:02:24,029 INFO  main                             -  <<Out Binding [bolt] Ends - com.alipay.sofa.sequence.api.MessageSerialNoService:1.0.0.
2021-03-14 21:02:24,029 INFO  main                             - Register Service - com.alipay.sofa.sequence.api.MessageSerialNoService:1.0.0
2021-03-14 21:02:24,034 INFO  main                             - Registering component: service:com.alipay.sofa.sequence.api.OrderSerialNoService:1.0.0
2021-03-14 21:02:24,034 INFO  main                             -  <<PreOut Binding [bolt] Begins - com.alipay.sofa.sequence.api.OrderSerialNoService:1.0.0.
2021-03-14 21:02:24,035 INFO  main                             -  <<PreOut Binding [bolt] Ends - com.alipay.sofa.sequence.api.OrderSerialNoService:1.0.0.
2021-03-14 21:02:24,035 INFO  main                             -  <<Out Binding [bolt] Begins - com.alipay.sofa.sequence.api.OrderSerialNoService:1.0.0.
2021-03-14 21:02:24,035 INFO  main                             -  <<Out Binding [bolt] Ends - com.alipay.sofa.sequence.api.OrderSerialNoService:1.0.0.
2021-03-14 21:02:24,035 INFO  main                             - Register Service - com.alipay.sofa.sequence.api.OrderSerialNoService:1.0.0
2021-03-14 21:02:24,040 INFO  main                             - Registering component: service:com.alipay.sofa.sequence.api.PrimaryKeyService:1.0.0
2021-03-14 21:02:24,040 INFO  main                             -  <<PreOut Binding [bolt] Begins - com.alipay.sofa.sequence.api.PrimaryKeyService:1.0.0.
2021-03-14 21:02:24,041 INFO  main                             -  <<PreOut Binding [bolt] Ends - com.alipay.sofa.sequence.api.PrimaryKeyService:1.0.0.
2021-03-14 21:02:24,041 INFO  main                             -  <<Out Binding [bolt] Begins - com.alipay.sofa.sequence.api.PrimaryKeyService:1.0.0.
2021-03-14 21:02:24,041 INFO  main                             -  <<Out Binding [bolt] Ends - com.alipay.sofa.sequence.api.PrimaryKeyService:1.0.0.
2021-03-14 21:02:24,041 INFO  main                             - Register Service - com.alipay.sofa.sequence.api.PrimaryKeyService:1.0.0
2021-03-14 21:02:50,987 INFO  main                             - SOFABoot Runtime Starting!
2021-03-14 21:03:20,422 INFO  main                             - Registering component: reference:com.alipay.sofa.sequence.api.OrderSerialNoService:1.0.0#363508428
2021-03-14 21:03:20,422 INFO  main                             -  >>In Binding [bolt] Begins - com.alipay.sofa.sequence.api.OrderSerialNoService:1.0.0.
2021-03-14 21:03:53,082 INFO  main                             -  >>In Binding [bolt] Ends - com.alipay.sofa.sequence.api.OrderSerialNoService:1.0.0.
2021-03-14 21:03:53,082 INFO  main                             -  >>In Binding [jvm] Begins - com.alipay.sofa.sequence.api.OrderSerialNoService:1.0.0.
2021-03-14 21:03:53,087 INFO  main                             -  >>In Binding [jvm] Ends - com.alipay.sofa.sequence.api.OrderSerialNoService:1.0.0.
2021-03-14 21:03:53,103 INFO  main                             - Registering component: service:com.alipay.sofa.sequence.api.RedisSerialNoService:1.0.0
2021-03-14 21:03:53,103 INFO  main                             -  <<PreOut Binding [bolt] Begins - com.alipay.sofa.sequence.api.RedisSerialNoService:1.0.0.
2021-03-14 21:03:53,490 INFO  main                             -  <<PreOut Binding [bolt] Ends - com.alipay.sofa.sequence.api.RedisSerialNoService:1.0.0.
2021-03-14 21:03:53,490 INFO  main                             -  <<Out Binding [bolt] Begins - com.alipay.sofa.sequence.api.RedisSerialNoService:1.0.0.
2021-03-14 21:03:53,512 INFO  main                             -  <<Out Binding [bolt] Ends - com.alipay.sofa.sequence.api.RedisSerialNoService:1.0.0.
2021-03-14 21:03:53,512 INFO  main                             - Register Service - com.alipay.sofa.sequence.api.RedisSerialNoService:1.0.0
2021-03-14 21:03:53,517 INFO  main                             - Registering component: service:com.alipay.sofa.sequence.api.MessageSerialNoService:1.0.0
2021-03-14 21:03:53,517 INFO  main                             -  <<PreOut Binding [bolt] Begins - com.alipay.sofa.sequence.api.MessageSerialNoService:1.0.0.
2021-03-14 21:03:53,518 INFO  main                             -  <<PreOut Binding [bolt] Ends - com.alipay.sofa.sequence.api.MessageSerialNoService:1.0.0.
2021-03-14 21:03:53,518 INFO  main                             -  <<Out Binding [bolt] Begins - com.alipay.sofa.sequence.api.MessageSerialNoService:1.0.0.
2021-03-14 21:03:53,518 INFO  main                             -  <<Out Binding [bolt] Ends - com.alipay.sofa.sequence.api.MessageSerialNoService:1.0.0.
2021-03-14 21:03:53,518 INFO  main                             - Register Service - com.alipay.sofa.sequence.api.MessageSerialNoService:1.0.0
2021-03-14 21:03:53,524 INFO  main                             - Registering component: service:com.alipay.sofa.sequence.api.OrderSerialNoService:1.0.0
2021-03-14 21:03:53,524 INFO  main                             -  <<PreOut Binding [bolt] Begins - com.alipay.sofa.sequence.api.OrderSerialNoService:1.0.0.
2021-03-14 21:03:53,524 INFO  main                             -  <<PreOut Binding [bolt] Ends - com.alipay.sofa.sequence.api.OrderSerialNoService:1.0.0.
2021-03-14 21:03:53,524 INFO  main                             -  <<Out Binding [bolt] Begins - com.alipay.sofa.sequence.api.OrderSerialNoService:1.0.0.
2021-03-14 21:03:53,525 INFO  main                             -  <<Out Binding [bolt] Ends - com.alipay.sofa.sequence.api.OrderSerialNoService:1.0.0.
2021-03-14 21:03:53,525 INFO  main                             - Register Service - com.alipay.sofa.sequence.api.OrderSerialNoService:1.0.0
2021-03-14 21:03:53,530 INFO  main                             - Registering component: service:com.alipay.sofa.sequence.api.PrimaryKeyService:1.0.0
2021-03-14 21:03:53,530 INFO  main                             -  <<PreOut Binding [bolt] Begins - com.alipay.sofa.sequence.api.PrimaryKeyService:1.0.0.
2021-03-14 21:03:53,530 INFO  main                             -  <<PreOut Binding [bolt] Ends - com.alipay.sofa.sequence.api.PrimaryKeyService:1.0.0.
2021-03-14 21:03:53,530 INFO  main                             -  <<Out Binding [bolt] Begins - com.alipay.sofa.sequence.api.PrimaryKeyService:1.0.0.
2021-03-14 21:03:53,531 INFO  main                             -  <<Out Binding [bolt] Ends - com.alipay.sofa.sequence.api.PrimaryKeyService:1.0.0.
2021-03-14 21:03:53,531 INFO  main                             - Register Service - com.alipay.sofa.sequence.api.PrimaryKeyService:1.0.0
